Build started 11-Nov-2013 15:42:36.
     1>Project "C:\Users\Alan Ly\Dropbox\Projects\comp345\DnDProject\DnDProject\DnDProject.vcxproj" on node 2 (Build target(s)).
     1>ClCompile:
         C:\Program Files (x86)\Microsoft Visual Studio 11.0\VC\bin\CL.exe /c /I"..\SDL2-2.0.0\include" /I..\tinyxml /ZI /nologo /W3 /WX- /sdl /Od /Oy- /D _MBCS /Gm /EHsc /RTC1 /MD /GS /fp:precise /Zc:wchar_t /Zc:forScope /Fo"Debug\\" /Fd"Debug\vc110.pdb" /Gd /TP /analyze- /errorReport:prompt ..\tinyxml\tinyxml2.cpp ArmourItem.cpp BeltItem.cpp BootsItem.cpp Character.cpp CharacterEditor.cpp Container.cpp Dice.cpp Entity.cpp Game.cpp GameEngine.cpp GameEngineMap.cpp GameObject.cpp HelmetItem.cpp InputHandler.cpp Item.cpp LoaderParameters.cpp MainMenu.cpp Map.cpp MapEditor.cpp MapView.cpp Monster.cpp RingItem.cpp SDL_Utilities.cpp ShieldItem.cpp Source.cpp TextureManager.cpp WeaponItem.cpp
         WeaponItem.cpp
         TextureManager.cpp
         Source.cpp
         ShieldItem.cpp
         SDL_Utilities.cpp
         RingItem.cpp
         Monster.cpp
         MapView.cpp
         MapEditor.cpp
         Map.cpp
         MainMenu.cpp
         LoaderParameters.cpp
         Item.cpp
         InputHandler.cpp
         HelmetItem.cpp
         GameObject.cpp
         GameEngineMap.cpp
         GameEngine.cpp
         Game.cpp
         Entity.cpp
         Generating Code...
         Compiling...
         Dice.cpp
         Container.cpp
         CharacterEditor.cpp
         Character.cpp
         BootsItem.cpp
         BeltItem.cpp
         ArmourItem.cpp
         tinyxml2.cpp
         Generating Code...
       Link:
         C:\Program Files (x86)\Microsoft Visual Studio 11.0\VC\bin\link.exe /ERRORREPORT:PROMPT /OUT:"C:\Users\Alan Ly\Dropbox\Projects\comp345\DnDProject\Debug\DnDProject.exe" /INCREMENTAL /NOLOGO /LIBPATH:"..\SDL2-2.0.0\lib\x86" SDL2.lib SDL2main.lib SDL2_image.lib SDL2_ttf.lib kernel32.lib user32.lib gdi32.lib winspool.lib comdlg32.lib advapi32.lib shell32.lib ole32.lib oleaut32.lib uuid.lib odbc32.lib odbccp32.lib /MANIFEST /MANIFESTUAC:"level='asInvoker' uiAccess='false'" /manifest:embed /DEBUG /PDB:"C:\Users\Alan Ly\Dropbox\Projects\comp345\DnDProject\Debug\DnDProject.pdb" /SUBSYSTEM:CONSOLE /TLBID:1 /DYNAMICBASE /NXCOMPAT /IMPLIB:"C:\Users\Alan Ly\Dropbox\Projects\comp345\DnDProject\Debug\DnDProject.lib" /MACHINE:X86 Debug\tinyxml2.obj
         Debug\ArmourItem.obj
         Debug\BeltItem.obj
         Debug\BootsItem.obj
         Debug\Character.obj
         Debug\CharacterEditor.obj
         Debug\Container.obj
         Debug\Dice.obj
         Debug\Entity.obj
         Debug\Game.obj
         Debug\GameEngine.obj
         Debug\GameEngineMap.obj
         Debug\GameObject.obj
         Debug\HelmetItem.obj
         Debug\InputHandler.obj
         Debug\Item.obj
         Debug\LoaderParameters.obj
         Debug\MainMenu.obj
         Debug\Map.obj
         Debug\MapEditor.obj
         Debug\MapView.obj
         Debug\Monster.obj
         Debug\RingItem.obj
         Debug\SDL_Utilities.obj
         Debug\ShieldItem.obj
         Debug\Source.obj
         Debug\TextureManager.obj
         Debug\WeaponItem.obj
         LINK : C:\Users\Alan Ly\Dropbox\Projects\comp345\DnDProject\Debug\DnDProject.exe not found or not built by the last incremental link; performing full link
         DnDProject.vcxproj -> C:\Users\Alan Ly\Dropbox\Projects\comp345\DnDProject\Debug\DnDProject.exe
     1>Done Building Project "C:\Users\Alan Ly\Dropbox\Projects\comp345\DnDProject\DnDProject\DnDProject.vcxproj" (Build target(s)).

Build succeeded.

Time Elapsed 00:00:17.30
